<?xml version="1.0" encoding="UTF-8"?>
<testng-results ignored="0" total="1" passed="1" failed="0" skipped="0">
  <reporter-output>
  </reporter-output>
  <suite started-at="2023-02-26T20:30:44 AST" name="Default suite" finished-at="2023-02-26T20:32:07 AST" duration-ms="82685">
    <groups>
    </groups>
    <test started-at="2023-02-26T20:30:44 AST" name="Default test" finished-at="2023-02-26T20:32:07 AST" duration-ms="82685">
      <class name="invalidName">
        <test-method is-config="true" signature="pre_My_Test()[pri:0, instance:invalidName@9f116cc]" started-at="2023-02-26T20:30:44 AST" name="pre_My_Test" finished-at="2023-02-26T20:31:59 AST" duration-ms="74862" status="PASS">
          <reporter-output>
          </reporter-output>
        </test-method> <!-- pre_My_Test -->
        <test-method signature="RegisterInvalidname()[pri:0, instance:invalidName@9f116cc]" started-at="2023-02-26T20:31:59 AST" name="RegisterInvalidname" finished-at="2023-02-26T20:32:07 AST" duration-ms="7702" status="PASS">
          <reporter-output>
          </reporter-output>
        </test-method> <!-- RegisterInvalidname -->
      </class> <!-- invalidName -->
    </test> <!-- Default test -->
  </suite> <!-- Default suite -->
</testng-results>
